2018-05-09 14:18:09,563 INFO  [org.jboss.modules] (main) JBoss Modules version 1.6.1.Final
2018-05-09 14:18:10,160 INFO  [org.jboss.msc] (main) JBoss MSC version 1.2.7.SP1
2018-05-09 14:18:10,356 INFO  [org.jboss.as] (MSC service thread 1-8) WFLYSRV0049: WildFly Full 11.0.0.Final (WildFly Core 3.0.8.Final) starting
2018-05-09 14:18:10,358 DEBUG [org.jboss.as.config] (MSC service thread 1-8) Configured system properties:
	awt.toolkit = sun.awt.windows.WToolkit
	file.encoding = Cp1250
	file.encoding.pkg = sun.io
	file.separator = \
	java.awt.graphicsenv = sun.awt.Win32GraphicsEnvironment
	java.awt.headless = true
	java.awt.printerjob = sun.awt.windows.WPrinterJob
	java.class.path = D:\TEMP_FOLDER\wildfly-11.0.0.Final\jboss-modules.jar;C:\Program Files\Java\jre1.8.0_131\lib\resources.jar;C:\Program Files\Java\jre1.8.0_131\lib\rt.jar;C:\Program Files\Java\jre1.8.0_131\lib\jsse.jar;C:\Program Files\Java\jre1.8.0_131\lib\jce.jar;C:\Program Files\Java\jre1.8.0_131\lib\charsets.jar;C:\Program Files\Java\jre1.8.0_131\lib\jfr.jar
	java.class.version = 52.0
	java.endorsed.dirs = C:\Program Files\Java\jre1.8.0_131\lib\endorsed
	java.ext.dirs = C:\Program Files\Java\jre1.8.0_131\lib\ext;C:\WINDOWS\Sun\Java\lib\ext
	java.home = C:\Program Files\Java\jre1.8.0_131
	java.io.tmpdir = C:\Users\BogdanA\AppData\Local\Temp\
	java.library.path = C:\Program Files\Java\jre1.8.0_131\bin;C:\WINDOWS\Sun\Java\bin;C:\WINDOWS\system32;C:\WINDOWS;native;C:/Program Files/Java/jre1.8.0_131/bin/server;C:/Program Files/Java/jre1.8.0_131/bin;C:/Program Files/Java/jre1.8.0_131/lib/amd64;C:\Program Files (x86)\Google\Chrome\Application;C:\ProgramData\Oracle\Java\javapath;C:\Program Files (x86)\Intel\iCLS Client\;C:\Program Files\Intel\iCLS Client\;C:\WINDOWS\system32;C:\WINDOWS;C:\WINDOWS\System32\Wbem;C:\WINDOWS\System32\WindowsPowerShell\v1.0\;C:\Program Files (x86)\Intel\Intel(R) Management Engine Components\DAL;C:\Program Files\Intel\Intel(R) Management Engine Components\DAL;C:\Program Files (x86)\Intel\Intel(R) Management Engine Components\IPT;C:\Program Files\Intel\Intel(R) Management Engine Components\IPT;C:\Program Files (x86)\Skype\Phone\;D:\devTools\jdk8u121\bin;D:\Maven\maven3.2.2\bin;D:\Other\Apache\db-derby-10.11.1.1-bin\lib\derby.jar;D:\Other\Apache\db-derby-10.11.1.1-bin\lib\derbytools.jar;D:\Other\Apache\db-derby-10.11.1.1-bin;C:\Program Files\nodejs\;C:\Users\BogdanA\AppData\Local\Microsoft\WindowsApps;C:\Program Files\nodejs\;;C:\Users\BogdanA\Downloads;;.
	java.net.preferIPv4Stack = true
	java.runtime.name = Java(TM) SE Runtime Environment
	java.runtime.version = 1.8.0_131-b11
	java.specification.name = Java Platform API Specification
	java.specification.vendor = Oracle Corporation
	java.specification.version = 1.8
	java.util.logging.manager = org.jboss.logmanager.LogManager
	java.vendor = Oracle Corporation
	java.vendor.url = http://java.oracle.com/
	java.vendor.url.bug = http://bugreport.sun.com/bugreport/
	java.version = 1.8.0_131
	java.vm.info = mixed mode
	java.vm.name = Java HotSpot(TM) 64-Bit Server VM
	java.vm.specification.name = Java Virtual Machine Specification
	java.vm.specification.vendor = Oracle Corporation
	java.vm.specification.version = 1.8
	java.vm.vendor = Oracle Corporation
	java.vm.version = 25.131-b11
	javax.management.builder.initial = org.jboss.as.jmx.PluggableMBeanServerBuilder
	javax.xml.datatype.DatatypeFactory = __redirected.__DatatypeFactory
	javax.xml.parsers.DocumentBuilderFactory = __redirected.__DocumentBuilderFactory
	javax.xml.parsers.SAXParserFactory = __redirected.__SAXParserFactory
	javax.xml.stream.XMLEventFactory = __redirected.__XMLEventFactory
	javax.xml.stream.XMLInputFactory = __redirected.__XMLInputFactory
	javax.xml.stream.XMLOutputFactory = __redirected.__XMLOutputFactory
	javax.xml.transform.TransformerFactory = __redirected.__TransformerFactory
	javax.xml.validation.SchemaFactory:http://www.w3.org/2001/XMLSchema = __redirected.__SchemaFactory
	javax.xml.xpath.XPathFactory:http://java.sun.com/jaxp/xpath/dom = __redirected.__XPathFactory
	jboss.bind.address = localhost
	jboss.bind.address.management = localhost
	jboss.home.dir = D:\TEMP_FOLDER\wildfly-11.0.0.Final
	jboss.host.name = bogdana-lap
	jboss.modules.dir = D:\TEMP_FOLDER\wildfly-11.0.0.Final\modules
	jboss.modules.system.pkgs = org.jboss.byteman
	jboss.node.name = bogdana-lap
	jboss.qualified.host.name = bogdana-lap
	jboss.server.base.dir = D:\TEMP_FOLDER\wildfly-11.0.0.Final\standalone
	jboss.server.config.dir = D:\TEMP_FOLDER\wildfly-11.0.0.Final\standalone\configuration
	jboss.server.data.dir = D:\TEMP_FOLDER\wildfly-11.0.0.Final\standalone\data
	jboss.server.deploy.dir = D:\TEMP_FOLDER\wildfly-11.0.0.Final\standalone\data\content
	jboss.server.log.dir = D:\TEMP_FOLDER\wildfly-11.0.0.Final\standalone\log
	jboss.server.name = bogdana-lap
	jboss.server.persist.config = true
	jboss.server.temp.dir = D:\TEMP_FOLDER\wildfly-11.0.0.Final\standalone\tmp
	line.separator = 

	logging.configuration = file:D:\TEMP_FOLDER\wildfly-11.0.0.Final\standalone\configuration\logging.properties
	module.path = D:\TEMP_FOLDER\wildfly-11.0.0.Final\modules
	org.jboss.boot.log.file = D:\TEMP_FOLDER\wildfly-11.0.0.Final\standalone\log\boot.log
	org.jboss.logmanager.nocolor = true
	org.jboss.resolver.warning = true
	org.xml.sax.driver = __redirected.__XMLReaderFactory
	os.arch = amd64
	os.name = Windows 10
	os.version = 10.0
	path.separator = ;
	program.name = JBossTools: WildFly 11
	sun.arch.data.model = 64
	sun.boot.class.path = C:\Program Files\Java\jre1.8.0_131\lib\resources.jar;C:\Program Files\Java\jre1.8.0_131\lib\rt.jar;C:\Program Files\Java\jre1.8.0_131\lib\sunrsasign.jar;C:\Program Files\Java\jre1.8.0_131\lib\jsse.jar;C:\Program Files\Java\jre1.8.0_131\lib\jce.jar;C:\Program Files\Java\jre1.8.0_131\lib\charsets.jar;C:\Program Files\Java\jre1.8.0_131\lib\jfr.jar;C:\Program Files\Java\jre1.8.0_131\classes
	sun.boot.library.path = C:\Program Files\Java\jre1.8.0_131\bin
	sun.cpu.endian = little
	sun.cpu.isalist = amd64
	sun.desktop = windows
	sun.io.unicode.encoding = UnicodeLittle
	sun.java.command = org.jboss.modules.Main -mp D:\TEMP_FOLDER\wildfly-11.0.0.Final\modules org.jboss.as.standalone -b localhost --server-config=standalone.xml -Djboss.server.base.dir=D:\TEMP_FOLDER\wildfly-11.0.0.Final\standalone
	sun.java.launcher = SUN_STANDARD
	sun.jnu.encoding = Cp1250
	sun.management.compiler = HotSpot 64-Bit Tiered Compilers
	sun.os.patch.level = 
	sun.rmi.dgc.client.gcInterval = 3600000
	sun.rmi.dgc.server.gcInterval = 3600000
	user.country = US
	user.country.format = RO
	user.dir = D:\TEMP_FOLDER\wildfly-11.0.0.Final\bin
	user.home = C:\Users\BogdanA
	user.language = en
	user.language.format = ro
	user.name = BogdanA
	user.script = 
	user.timezone = Europe/Athens
	user.variant = 
2018-05-09 14:18:10,362 DEBUG [org.jboss.as.config] (MSC service thread 1-8) VM Arguments: -agentlib:jdwp=transport=dt_socket,suspend=y,address=localhost:62568 -Dprogram.name=JBossTools: WildFly 11 -Xms64m -Xmx512m -Dorg.jboss.resolver.warning=true -Djava.net.preferIPv4Stack=true -Dsun.rmi.dgc.client.gcInterval=3600000 -Dsun.rmi.dgc.server.gcInterval=3600000 -Djboss.modules.system.pkgs=org.jboss.byteman -Djava.awt.headless=true -Dorg.jboss.boot.log.file=D:\TEMP_FOLDER\wildfly-11.0.0.Final\standalone\log\boot.log -Dlogging.configuration=file:D:\TEMP_FOLDER\wildfly-11.0.0.Final\standalone\configuration\logging.properties -Djboss.home.dir=D:\TEMP_FOLDER\wildfly-11.0.0.Final -Dorg.jboss.logmanager.nocolor=true -Djboss.bind.address.management=localhost -Dfile.encoding=Cp1250 
2018-05-09 14:18:12,473 INFO  [org.jboss.as.controller.management-deprecated] (Controller Boot Thread) WFLYCTL0028: Attribute 'security-realm' in the resource at address '/core-service=management/management-interface=http-interface' is deprecated, and may be removed in future version. See the attribute description in the output of the read-resource-description operation to learn more about the deprecation.
2018-05-09 14:18:12,503 INFO  [org.wildfly.security] (ServerService Thread Pool -- 20) ELY00001: WildFly Elytron version 1.1.6.Final
2018-05-09 14:18:12,552 INFO  [org.jboss.as.controller.management-deprecated] (ServerService Thread Pool -- 5) WFLYCTL0028: Attribute 'security-realm' in the resource at address '/subsystem=undertow/server=default-server/https-listener=https' is deprecated, and may be removed in future version. See the attribute description in the output of the read-resource-description operation to learn more about the deprecation.
2018-05-09 14:18:12,608 INFO  [org.jboss.as.server.deployment.scanner] (DeploymentScanner-threads - 1) WFLYDS0004: Found employeeSkills.war in deployment directory. To trigger deployment create a file called employeeSkills.war.dodeploy
2018-05-09 14:18:12,635 INFO  [org.jboss.as.server] (Controller Boot Thread) WFLYSRV0039: Creating http management service using socket-binding (management-http)
2018-05-09 14:18:12,658 INFO  [org.xnio] (MSC service thread 1-2) XNIO version 3.5.4.Final
2018-05-09 14:18:12,672 INFO  [org.xnio.nio] (MSC service thread 1-2) XNIO NIO Implementation Version 3.5.4.Final
